
Wed, 20 Apr 2022 00:37:44 +0200 : NO domainId

Wed, 20 Apr 2022 00:37:44 +0200 : NO senderId 

Wed, 20 Apr 2022 00:37:44 +0200 : NO concat 

Wed, 20 Apr 2022 00:37:44 +0200 : NO encoding

Wed, 20 Apr 2022 00:37:45 +0200 : Server Altiria response: OK dest:51970125563


Mon, 25 Apr 2022 15:17:53 +0000 : NO domainId

Mon, 25 Apr 2022 15:17:53 +0000 : NO senderId 

Mon, 25 Apr 2022 15:17:53 +0000 : NO concat 

Mon, 25 Apr 2022 15:17:53 +0000 : NO encoding

Mon, 25 Apr 2022 15:17:53 +0000 : Server Altiria response: OK dest:51941547807


Mon, 25 Apr 2022 15:18:35 +0000 : NO domainId

Mon, 25 Apr 2022 15:18:35 +0000 : NO senderId 

Mon, 25 Apr 2022 15:18:35 +0000 : NO concat 

Mon, 25 Apr 2022 15:18:35 +0000 : NO encoding

Mon, 25 Apr 2022 15:18:36 +0000 : Server Altiria response: OK dest:51980201146


Mon, 25 Apr 2022 15:18:43 +0000 : NO domainId

Mon, 25 Apr 2022 15:18:43 +0000 : NO senderId 

Mon, 25 Apr 2022 15:18:43 +0000 : NO concat 

Mon, 25 Apr 2022 15:18:43 +0000 : NO encoding

Mon, 25 Apr 2022 15:18:44 +0000 : Server Altiria response: OK dest:51980201146


Mon, 25 Apr 2022 21:35:25 +0000 : NO domainId

Mon, 25 Apr 2022 21:35:25 +0000 : NO senderId 

Mon, 25 Apr 2022 21:35:25 +0000 : NO concat 

Mon, 25 Apr 2022 21:35:25 +0000 : NO encoding

Mon, 25 Apr 2022 21:35:26 +0000 : Server Altiria response: OK dest:51980201146


Mon, 25 Apr 2022 21:35:36 +0000 : NO domainId

Mon, 25 Apr 2022 21:35:36 +0000 : NO senderId 

Mon, 25 Apr 2022 21:35:36 +0000 : NO concat 

Mon, 25 Apr 2022 21:35:36 +0000 : NO encoding

Mon, 25 Apr 2022 21:35:36 +0000 : Server Altiria response: OK dest:51980201146


Mon, 25 Apr 2022 21:52:45 +0000 : NO domainId

Mon, 25 Apr 2022 21:52:45 +0000 : NO senderId 

Mon, 25 Apr 2022 21:52:45 +0000 : NO concat 

Mon, 25 Apr 2022 21:52:45 +0000 : NO encoding

Mon, 25 Apr 2022 21:52:46 +0000 : Server Altiria response: OK dest:51980201146


Mon, 25 Apr 2022 21:58:08 +0000 : NO domainId

Mon, 25 Apr 2022 21:58:08 +0000 : NO senderId 

Mon, 25 Apr 2022 21:58:08 +0000 : NO concat 

Mon, 25 Apr 2022 21:58:08 +0000 : NO encoding

Mon, 25 Apr 2022 21:58:08 +0000 : Server Altiria response: OK dest:51970125563


Mon, 25 Apr 2022 22:03:23 +0000 : NO domainId

Mon, 25 Apr 2022 22:03:23 +0000 : NO senderId 

Mon, 25 Apr 2022 22:03:23 +0000 : NO concat 

Mon, 25 Apr 2022 22:03:23 +0000 : NO encoding

Mon, 25 Apr 2022 22:03:24 +0000 : Server Altiria response: OK dest:51980201146


Mon, 02 May 2022 22:58:06 +0200 : NO domainId

Mon, 02 May 2022 22:58:06 +0200 : NO senderId 

Mon, 02 May 2022 22:58:06 +0200 : NO concat 

Mon, 02 May 2022 22:58:06 +0200 : NO encoding

Mon, 02 May 2022 22:58:07 +0200 : Server Altiria response: OK dest:51956897977


Mon, 02 May 2022 22:59:05 +0200 : NO domainId

Mon, 02 May 2022 22:59:05 +0200 : NO senderId 

Mon, 02 May 2022 22:59:05 +0200 : NO concat 

Mon, 02 May 2022 22:59:05 +0200 : NO encoding

Mon, 02 May 2022 22:59:06 +0200 : Server Altiria response: OK dest:51956897977


Mon, 02 May 2022 23:01:05 +0200 : NO domainId

Mon, 02 May 2022 23:01:05 +0200 : NO senderId 

Mon, 02 May 2022 23:01:05 +0200 : NO concat 

Mon, 02 May 2022 23:01:05 +0200 : NO encoding

Mon, 02 May 2022 23:01:06 +0200 : Server Altiria response: OK dest:51956897977


Tue, 03 May 2022 17:21:06 +0200 : NO domainId

Tue, 03 May 2022 17:21:06 +0200 : NO senderId 

Tue, 03 May 2022 17:21:06 +0200 : NO concat 

Tue, 03 May 2022 17:21:06 +0200 : NO encoding

Tue, 03 May 2022 17:21:07 +0200 : Server Altiria response: OK dest:51956897977


Tue, 03 May 2022 17:24:27 +0200 : NO domainId

Tue, 03 May 2022 17:24:27 +0200 : NO senderId 

Tue, 03 May 2022 17:24:27 +0200 : NO concat 

Tue, 03 May 2022 17:24:27 +0200 : NO encoding

Tue, 03 May 2022 17:24:27 +0200 : Server Altiria response: OK dest:51956897977


Tue, 03 May 2022 18:48:45 +0200 : NO domainId

Tue, 03 May 2022 18:48:45 +0200 : NO senderId 

Tue, 03 May 2022 18:48:45 +0200 : NO concat 

Tue, 03 May 2022 18:48:45 +0200 : NO encoding

Tue, 03 May 2022 18:48:46 +0200 : Server Altiria response: OK dest:51999442766


Tue, 03 May 2022 18:53:16 +0200 : NO domainId

Tue, 03 May 2022 18:53:16 +0200 : NO senderId 

Tue, 03 May 2022 18:53:16 +0200 : NO concat 

Tue, 03 May 2022 18:53:16 +0200 : NO encoding

Tue, 03 May 2022 18:53:16 +0200 : Server Altiria response: OK dest:51992995016


Wed, 13 Jul 2022 19:06:41 +0200 : NO domainId

Wed, 13 Jul 2022 19:06:41 +0200 : NO senderId 

Wed, 13 Jul 2022 19:06:41 +0200 : NO concat 

Wed, 13 Jul 2022 19:06:41 +0200 : NO encoding

Wed, 13 Jul 2022 19:06:42 +0200 : Server Altiria response: OK dest:51956897977


Wed, 13 Jul 2022 21:06:01 +0200 : NO domainId

Wed, 13 Jul 2022 21:06:01 +0200 : NO senderId 

Wed, 13 Jul 2022 21:06:01 +0200 : NO concat 

Wed, 13 Jul 2022 21:06:01 +0200 : NO encoding

Wed, 13 Jul 2022 21:06:01 +0200 : Server Altiria response: OK dest:51956897977

