
Mon, 06 Mar 2023 15:59:19 -0500 : NO domainId

Mon, 06 Mar 2023 15:59:19 -0500 : NO senderId 

Mon, 06 Mar 2023 15:59:19 -0500 : NO concat 

Mon, 06 Mar 2023 15:59:19 -0500 : NO encoding

Mon, 06 Mar 2023 15:59:19 -0500 : Server Altiria response: OK dest:51956897977


Tue, 07 Mar 2023 17:15:50 -0500 : NO domainId

Tue, 07 Mar 2023 17:15:50 -0500 : NO senderId 

Tue, 07 Mar 2023 17:15:50 -0500 : NO concat 

Tue, 07 Mar 2023 17:15:50 -0500 : NO encoding

Tue, 07 Mar 2023 17:15:51 -0500 : Server Altiria response: OK dest:51956897977


Tue, 07 Mar 2023 17:18:16 -0500 : NO domainId

Tue, 07 Mar 2023 17:18:16 -0500 : NO senderId 

Tue, 07 Mar 2023 17:18:16 -0500 : NO concat 

Tue, 07 Mar 2023 17:18:16 -0500 : NO encoding

Tue, 07 Mar 2023 17:18:16 -0500 : Server Altiria response: OK dest:51956897977


Wed, 08 Mar 2023 09:03:19 -0500 : NO domainId

Wed, 08 Mar 2023 09:03:19 -0500 : NO senderId 

Wed, 08 Mar 2023 09:03:19 -0500 : NO concat 

Wed, 08 Mar 2023 09:03:19 -0500 : NO encoding

Wed, 08 Mar 2023 09:03:20 -0500 : Server Altiria response: ERROR errNum:015

Wed, 08 Mar 2023 09:03:20 -0500 : Error sending SMS: ERROR errNum:015

Wed, 08 Mar 2023 09:07:45 -0500 : NO domainId

Wed, 08 Mar 2023 09:07:45 -0500 : NO senderId 

Wed, 08 Mar 2023 09:07:45 -0500 : NO concat 

Wed, 08 Mar 2023 09:07:45 -0500 : NO encoding

Wed, 08 Mar 2023 09:07:45 -0500 : Server Altiria response: OK dest:51956897977


Thu, 18 Jan 2024 16:27:31 -0500 : NO domainId

Thu, 18 Jan 2024 16:27:31 -0500 : NO senderId 

Thu, 18 Jan 2024 16:27:31 -0500 : NO concat 

Thu, 18 Jan 2024 16:27:31 -0500 : NO encoding

Thu, 18 Jan 2024 16:27:32 -0500 : Server Altiria response: OK dest:51956897977


Thu, 18 Jan 2024 16:35:42 -0500 : NO domainId

Thu, 18 Jan 2024 16:35:42 -0500 : NO senderId 

Thu, 18 Jan 2024 16:35:42 -0500 : NO concat 

Thu, 18 Jan 2024 16:35:42 -0500 : NO encoding

Thu, 18 Jan 2024 16:35:43 -0500 : Server Altiria response: OK dest:51956897977


Thu, 18 Jan 2024 17:22:34 -0500 : NO domainId

Thu, 18 Jan 2024 17:22:34 -0500 : NO senderId 

Thu, 18 Jan 2024 17:22:34 -0500 : NO concat 

Thu, 18 Jan 2024 17:22:34 -0500 : NO encoding

Thu, 18 Jan 2024 17:22:34 -0500 : Server Altiria response: OK dest:51956897977


Thu, 18 Jan 2024 17:24:51 -0500 : NO domainId

Thu, 18 Jan 2024 17:24:51 -0500 : NO senderId 

Thu, 18 Jan 2024 17:24:51 -0500 : NO concat 

Thu, 18 Jan 2024 17:24:51 -0500 : NO encoding

Thu, 18 Jan 2024 17:24:52 -0500 : Server Altiria response: OK dest:51956897977


Mon, 22 Jan 2024 11:03:12 -0500 : NO domainId

Mon, 22 Jan 2024 11:03:12 -0500 : NO senderId 

Mon, 22 Jan 2024 11:03:12 -0500 : NO concat 

Mon, 22 Jan 2024 11:03:12 -0500 : NO encoding

Mon, 22 Jan 2024 11:03:13 -0500 : Server Altiria response: OK dest:51956897977

