
Thu, 21 Sep 2023 18:09:50 +0200 : NO domainId

Thu, 21 Sep 2023 18:09:50 +0200 : NO senderId 

Thu, 21 Sep 2023 18:09:50 +0200 : NO concat 

Thu, 21 Sep 2023 18:09:50 +0200 : NO encoding

Thu, 21 Sep 2023 18:09:51 +0200 : Server Altiria response: OK dest:51956897977


Thu, 21 Sep 2023 18:33:12 +0200 : NO domainId

Thu, 21 Sep 2023 18:33:12 +0200 : NO senderId 

Thu, 21 Sep 2023 18:33:12 +0200 : NO concat 

Thu, 21 Sep 2023 18:33:12 +0200 : NO encoding

Thu, 21 Sep 2023 18:33:13 +0200 : Server Altiria response: ERROR errNum:017

Thu, 21 Sep 2023 18:33:13 +0200 : Error sending SMS: ERROR errNum:017

Thu, 21 Sep 2023 18:33:22 +0200 : NO domainId

Thu, 21 Sep 2023 18:33:22 +0200 : NO senderId 

Thu, 21 Sep 2023 18:33:22 +0200 : NO concat 

Thu, 21 Sep 2023 18:33:22 +0200 : NO encoding

Thu, 21 Sep 2023 18:33:23 +0200 : Server Altiria response: ERROR errNum:017

Thu, 21 Sep 2023 18:33:23 +0200 : Error sending SMS: ERROR errNum:017

Thu, 21 Sep 2023 18:33:46 +0200 : NO domainId

Thu, 21 Sep 2023 18:33:46 +0200 : NO senderId 

Thu, 21 Sep 2023 18:33:46 +0200 : NO concat 

Thu, 21 Sep 2023 18:33:46 +0200 : NO encoding

Thu, 21 Sep 2023 18:33:46 +0200 : NO domainId

Thu, 21 Sep 2023 18:33:46 +0200 : NO senderId 

Thu, 21 Sep 2023 18:33:46 +0200 : NO concat 

Thu, 21 Sep 2023 18:33:46 +0200 : NO encoding

Thu, 21 Sep 2023 18:33:46 +0200 : Server Altiria response: ERROR errNum:017

Thu, 21 Sep 2023 18:33:46 +0200 : Error sending SMS: ERROR errNum:017

Thu, 21 Sep 2023 18:33:46 +0200 : NO domainId

Thu, 21 Sep 2023 18:33:46 +0200 : NO senderId 

Thu, 21 Sep 2023 18:33:46 +0200 : NO concat 

Thu, 21 Sep 2023 18:33:46 +0200 : NO encoding

Thu, 21 Sep 2023 18:33:46 +0200 : Server Altiria response: ERROR errNum:017

Thu, 21 Sep 2023 18:33:46 +0200 : Error sending SMS: ERROR errNum:017

Thu, 21 Sep 2023 18:33:46 +0200 : Server Altiria response: ERROR errNum:017

Thu, 21 Sep 2023 18:33:46 +0200 : Error sending SMS: ERROR errNum:017

Thu, 21 Sep 2023 18:42:13 +0200 : NO domainId

Thu, 21 Sep 2023 18:42:13 +0200 : NO senderId 

Thu, 21 Sep 2023 18:42:13 +0200 : NO concat 

Thu, 21 Sep 2023 18:42:13 +0200 : NO encoding

Thu, 21 Sep 2023 18:42:13 +0200 : Server Altiria response: OK dest:51956897977

